<?xml version="1.0" encoding="UTF-8"?>
<testng-results ignored="0" total="1" passed="1" failed="0" skipped="0">
  <reporter-output>
  </reporter-output>
  <suite started-at="2021-03-07T10:49:06 ART" name="Default suite" finished-at="2021-03-07T10:49:11 ART" duration-ms="5163">
    <groups>
    </groups>
    <test started-at="2021-03-07T10:49:06 ART" name="Default test" finished-at="2021-03-07T10:49:11 ART" duration-ms="5163">
      <class name="com.wordpress.tests.WPLoginTests">
        <test-method signature="invalidLogin()[pri:0, instance:com.wordpress.tests.WPLoginTests@4c1d9d4b]" started-at="2021-03-07T10:49:06 ART" name="invalidLogin" finished-at="2021-03-07T10:49:11 ART" duration-ms="5123" status="PASS">
          <reporter-output>
          </reporter-output>
        </test-method> <!-- invalidLogin -->
      </class> <!-- com.wordpress.tests.WPLoginTests -->
    </test> <!-- Default test -->
  </suite> <!-- Default suite -->
</testng-results>
